<?xml version="1.0" encoding="UTF-8"?>
<testng-results ignored="0" total="1" passed="1" failed="0" skipped="0">
  <reporter-output>
  </reporter-output>
  <suite started-at="2024-02-16T13:29:45 IST" name="Default suite" finished-at="2024-02-16T13:31:36 IST" duration-ms="110834">
    <groups>
    </groups>
    <test started-at="2024-02-16T13:29:45 IST" name="Default test" finished-at="2024-02-16T13:31:36 IST" duration-ms="110834">
      <class name="Assignments.BigBasket">
        <test-method signature="main()[pri:0, instance:Assignments.BigBasket@40005471]" started-at="2024-02-16T13:29:45 IST" name="main" finished-at="2024-02-16T13:31:36 IST" duration-ms="110748" status="PASS">
          <reporter-output>
          </reporter-output>
        </test-method> <!-- main -->
      </class> <!-- Assignments.BigBasket -->
    </test> <!-- Default test -->
  </suite> <!-- Default suite -->
</testng-results>
